<?xml version="1.0" encoding="UTF-8"?>
<!-- Generated by org.testng.reporters.JUnitReportReporter -->
<testsuite skipped="0" hostname="LAPTOP-QAM413G5" name="learn_selenium_2.Demo10" tests="2" failures="0" timestamp="03 May 2020 17:03:20 GMT" time="0.005" errors="0">
  <testcase name="testCase1" time="0.004" classname="learn_selenium_2.Demo10"/>
  <testcase name="testCase2" time="0.001" classname="learn_selenium_2.Demo10"/>
</testsuite> <!-- learn_selenium_2.Demo10 -->
