<?xml version="1.0" encoding="UTF-8"?>
<!-- Generated by org.testng.reporters.JUnitReportReporter -->
<testsuite skipped="0" hostname="LAPTOP-QAM413G5" name="learn_selenium_2.Demo11" tests="2" failures="0" timestamp="03 May 2020 19:20:53 GMT" time="7.510" errors="0">
  <testcase name="testParameterWithXML" time="3.535" classname="learn_selenium_2.Demo11"/>
  <testcase name="testParameterWithXML" time="3.975" classname="learn_selenium_2.Demo11"/>
</testsuite> <!-- learn_selenium_2.Demo11 -->
