<?xml version="1.0" encoding="UTF-8"?>
<!-- Generated by org.testng.reporters.JUnitReportReporter -->
<testsuite skipped="0" hostname="LAPTOP-QAM413G5" name="learn_selenium_2.Demo9" tests="1" failures="0" timestamp="03 May 2020 16:36:56 GMT" time="0.008" errors="0">
  <testcase name="verifyHomepageTitle" time="0.008" classname="learn_selenium_2.Demo9"/>
</testsuite> <!-- learn_selenium_2.Demo9 -->
